<?xml version="1.0" encoding="UTF-8"?>
<!-- Generated by org.testng.reporters.JUnitReportReporter -->
<testsuite hostname="DESKTOP-QR52NJ9" failures="0" tests="6" name="api.test.DTTTests" time="8.326" errors="0" timestamp="2024-02-03T09:37:35 IST" skipped="0">
  <testcase classname="api.test.DTTTests" name="testPostUser" time="1.128"/>
  <testcase classname="api.test.DTTTests" name="testPostUser" time="2.554"/>
  <testcase classname="api.test.DTTTests" name="testPostUser" time="1.182"/>
  <testcase classname="api.test.DTTTests" name="testDeleteUserByName" time="1.135"/>
  <testcase classname="api.test.DTTTests" name="testDeleteUserByName" time="1.184"/>
  <testcase classname="api.test.DTTTests" name="testDeleteUserByName" time="1.143"/>
</testsuite> <!-- api.test.DTTTests -->
